1 5001 Включение СЭП
3 5003 Отключение ДМНБ
4 5004 Отключение СД1
5 5005 Включение ОГК1
6 5006 Отключение ОГК1
7 5007 Включение ТА_АОСН
8 5008 Отключение ТА_АОСН
9 5009 Включение ПИТ_БУСО
10 5010 Отключение ПИТ_БУСО
11 5011 Подрыв ЭЗ15
12 5012 Отключение СД2
13 5013 Отключение подзаряда
14 5014 Отключение ЭРМ
15 5015 Разблокировка ОСН_СЭП
16 5016 Блокировка ОСН_СЭП
17 5017 Сброс запоминания ТМ датчиков
20 5020 Подрыв ЭЗ45
21 5021 Включение автоматического цикла
22 5022 Включение 2-го 17М23БЭ
23 5023 Снятие блокировки ВГШ
24 5024 БУСО в исходное
25 5025 Подключение КСТ2
26 5026 Переворот
27 5027 Вдвижение ГШ
28 5028 Выдвижение ГШ
29 5029 Подключение КТ
30 5030 Включение 1-го 17М23БЭ
31 5031 Включение СКП
32 5032 Выключение СКП
33 5033 Подключение ВМ5 к БКП
34 5034 Включение обогрева 17М89
35 5035 Отключение обогрева 17М89
36 5036 Включение ПС
37 5037 Отключение ПС
38 5038 Выбор ОСН_ПС
39 5039 Выбор РЕЗ_ПС2
40 5040 Включение ЭК
41 5041 Включение ПИТ_17М23_17М89
42 5042 Подключение СДВ
43 5043 Включение ПИТ_ОГК4
44 5044 Отключение ПИТ_ОГК4
64 5064 Включение ДШР1
64 5065 Включение ДШР2