255 мЕ ГЮДЮМ
11 дм
12 дб
13 др
15 бщп
14 бдлма
8 ядлма
9 нм
18 нрйкгс
16 яд1
17 яд2
10 бяо
122 рм
121 мм
123 ма
127 рая
126 рга
125 рпа
124 мая
140 рюа
131 р1
132 р2
33 р3
136 р6
138 р8
60 йоя
61 ояд
56 боя
59 бщй
62 ноя
57 ядм
58 ядб
142 дбд1
143 дбд2
144 дбд3
145 дмд1
146 дмд2
147 дмд3
148 дмд4
135 р5
137 р7
49 пьл
42 гьл
32 гсп
2 асян
34 бюж
93 охд
36 йна
92 орл
94 йяр1
95 йяр2
35 лхн
33 бць
91 бао
37 оайо
77 яйю
78 пйю1
79 пйю2
80 пйю3
81 пйю4
82 пйю5
83 пйю6
184 яйа
85 пйа1
86 пйа2
87 пйа3
88 пйа4
89 пйа5
90 пйа6
28 оог
29 бод
31 мбь
30 нбь
38 юбщ
112 бл1
113 бл2
114 бл3
115 бл4
116 бл5
117 бл6
118 йл
119 тмг
134 р4
139 р9
21 дпй1
22 дпй2
23 тбю
24 нцй
25 тбн
26 тбюням
27 ням
3 тпщн
0 щг15
1 щг45
46 гюм3
43 рмю1
44 рмю2
47 гая1
48 гая2
50 пою1
51 пою2
52 яст1
53 яст2
54 пгю1
55 пгю2
120 д
151 6бря